<?xml version="1.0" encoding="UTF-8"?>
<!-- Generated by org.testng.reporters.JUnitReportReporter -->
<testsuite skipped="0" hostname="360NDCPC015" name="com.trader.scripts.MyTrader" tests="1" failures="0" timestamp="28 Dec 2018 10:31:59 GMT" time="65.312" errors="0">
  <testcase name="assertMyListingsSection" time="65.312" classname="com.trader.scripts.MyTrader"/>
</testsuite> <!-- com.trader.scripts.MyTrader -->
