<?xml version="1.0" encoding="UTF-8"?>
<!-- Generated by org.testng.reporters.JUnitReportReporter -->
<testsuite skipped="0" hostname="360NDCPC015" name="com.trader.scripts.MyTrader" tests="1" failures="0" timestamp="24 Dec 2018 09:57:32 GMT" time="59.703" errors="0">
  <testcase name="assertSectionsAtMyTraderPage" time="59.703" classname="com.trader.scripts.MyTrader"/>
</testsuite> <!-- com.trader.scripts.MyTrader -->
