<?xml version="1.0" encoding="UTF-8"?>
<!-- Generated by org.testng.reporters.JUnitReportReporter -->
<testsuite skipped="0" hostname="360NDCPC015" name="com.trader.scripts.MyTrader" tests="1" failures="0" timestamp="11 Dec 2018 10:45:45 GMT" time="110.385" errors="0">
  <testcase name="assertMyTraderLogInpage" time="110.385" classname="com.trader.scripts.MyTrader"/>
</testsuite> <!-- com.trader.scripts.MyTrader -->
