<?xml version="1.0" encoding="UTF-8"?>
<!-- Generated by org.testng.reporters.JUnitReportReporter -->
<testsuite skipped="0" hostname="360NDCPC024" name="com.trader.scripts.PostListingPage" tests="5" failures="0" timestamp="24 Dec 2018 11:28:28 GMT" time="231.271" errors="0">
  <testcase name="assertButtonOnSellYourMotorcycle" time="50.230" classname="com.trader.scripts.PostListingPage"/>
  <testcase name="assertButtonsIcon" time="23.036" classname="com.trader.scripts.PostListingPage"/>
  <testcase name="clickonSellYourMotorcycleAndAssertSellYourMotorcycle" time="45.519" classname="com.trader.scripts.PostListingPage"/>
  <testcase name="clickonReadMoreCustomerReviewsUnderTestimonialsSection" time="62.289" classname="com.trader.scripts.PostListingPage"/>
  <testcase name="assertTestimonialsectionwithTestimonials" time="50.197" classname="com.trader.scripts.PostListingPage"/>
</testsuite> <!-- com.trader.scripts.PostListingPage -->
