<?xml version="1.0" encoding="UTF-8"?>
<!-- Generated by org.testng.reporters.JUnitReportReporter -->
<testsuite skipped="0" hostname="360NDCPC015" name="com.trader.scripts.AdvancedSearchPage" tests="1" failures="0" timestamp="24 Dec 2018 11:13:23 GMT" time="52.033" errors="0">
  <testcase name="followingRefinedOptionsUnderAdvancedSearchPage" time="52.033" classname="com.trader.scripts.AdvancedSearchPage"/>
</testsuite> <!-- com.trader.scripts.AdvancedSearchPage -->
