<?xml version="1.0" encoding="UTF-8"?>
<!-- Generated by org.testng.reporters.JUnitReportReporter -->
<testsuite skipped="0" hostname="360NDCLP093" name="com.trader.scripts.AdvancedSearchPage" tests="1" failures="0" timestamp="04 Dec 2018 08:50:20 GMT" time="114.694" errors="0">
  <testcase name="assertContactSellerFormAtListingDetailsPage" time="114.694" classname="com.trader.scripts.AdvancedSearchPage"/>
</testsuite> <!-- com.trader.scripts.AdvancedSearchPage -->
