<?xml version="1.0" encoding="UTF-8"?>
<!-- Generated by org.testng.reporters.JUnitReportReporter -->
<testsuite skipped="0" hostname="360NDCLP093" name="com.trader.scripts.LoginPage" tests="1" failures="0" timestamp="06 Dec 2018 09:18:46 GMT" time="91.793" errors="0">
  <testcase name="assertErrorMessageForGoogleInvalidLoginAtGooglePopUp" time="91.793" classname="com.trader.scripts.LoginPage"/>
</testsuite> <!-- com.trader.scripts.LoginPage -->
